[H[2J[3J[i] central-logger.sh lunched
[i] Watching ../hosts for entries 'gay'
[i] running in foreground
[H[2J[3J[i] central-logger.sh lunched
[i] Watching ../hosts for entries 'gay'
[i] running in foreground
[H[2J[3J[i] central-logger.sh lunched
[i] Watching ../hosts for entries 'gay'
[i] running in foreground
[H[2J[3J[i] central-logger.sh lunched
backgroud 0
verbose 0
backgroud 0
verbose 0
[i] Watching ../hosts for entries 'gay'
[i] running in foreground
[H[2J[3J[i] central-logger.sh lunched
backgroud 0
verbose 0
backgroud 0
verbose 0
[i] Watching ../hosts for entries 'gay'
[i] running in foreground
